<?xml version="1.0" encoding="UTF-8"?>
<testsuite xmlns:xsi="http://www.w3.org/2001/XMLSchema-instance" xsi:noNamespaceSchemaLocation="https://maven.apache.org/surefire/maven-surefire-plugin/xsd/surefire-test-report.xsd" name="TestSuite" time="49.947" tests="4" errors="0" skipped="0" failures="0">
  <properties>
[...]
</properties>
  <testcase name="IniciarSesion" classname="testinguy.appium.main.mainTest2" time="5.402"/>
  <testcase name="Test_Slider" classname="testinguy.appium.main.mainTest2" time="10.297"/>
  <testcase name="Test_DragAndDrop" classname="testinguy.appium.main.mainTest2" time="8.776"/>
  <testcase name="testCaseSkipException" classname="testinguy.appium.main.mainTest2" time="0.001"/>
</testsuite>