<?xml version="1.0" encoding="UTF-8"?>
<testng-results skipped="0" failed="0" ignored="1" total="5" passed="4">
  <reporter-output>
  </reporter-output>
  <suite name="Suite" duration-ms="57155" started-at="2020-04-19T06:20:52Z" finished-at="2020-04-19T06:21:49Z">
    <groups>
    </groups>
    <test name="TestMobileAppium" duration-ms="57155" started-at="2020-04-19T06:20:52Z" finished-at="2020-04-19T06:21:49Z">
      <class name="testinguy.appium.main.mainTest2">
        <test-method status="PASS" signature="inicioClase()[pri:0, instance:testinguy.appium.main.mainTest2@97e1986]" name="inicioClase" is-config="true" duration-ms="25991" started-at="2020-04-19T06:20:52Z" finished-at="2020-04-19T06:21:18Z">
          <reporter-output>
          </reporter-output>
        </test-method> <!-- inicioClase -->
        <test-method status="PASS" signature="IniciarSesion(java.lang.String, java.lang.String)[pri:0, instance:testinguy.appium.main.mainTest2@97e1986]" name="IniciarSesion" duration-ms="9255" started-at="2020-04-19T06:21:18Z" description="Login" finished-at="2020-04-19T06:21:27Z">
          <params>
            <param index="0">
              <value>
                <![CDATA[admin]]>
              </value>
            </param>
            <param index="1">
              <value>
                <![CDATA[admin]]>
              </value>
            </param>
          </params>
          <reporter-output>
          </reporter-output>
        </test-method> <!-- IniciarSesion -->
        <test-method status="PASS" signature="Test_Slider()[pri:0, instance:testinguy.appium.main.mainTest2@97e1986]" name="Test_Slider" duration-ms="12042" started-at="2020-04-19T06:21:27Z" description="Ejercicio de presionar y soltar" finished-at="2020-04-19T06:21:39Z">
          <reporter-output>
          </reporter-output>
        </test-method> <!-- Test_Slider -->
        <test-method status="PASS" signature="Test_DragAndDrop()[pri:0, instance:testinguy.appium.main.mainTest2@97e1986]" name="Test_DragAndDrop" duration-ms="9838" started-at="2020-04-19T06:21:39Z" description="Ejercicio de presionar, arrastrar y soltar" finished-at="2020-04-19T06:21:49Z">
          <reporter-output>
          </reporter-output>
        </test-method> <!-- Test_DragAndDrop -->
        <test-method status="PASS" signature="testCaseSkipException()[pri:0, instance:testinguy.appium.main.mainTest2@97e1986]" name="testCaseSkipException" duration-ms="1" started-at="2020-04-19T06:21:49Z" depends-on-methods="testinguy.appium.main.mainTest2.Test_DragAndDrop" finished-at="2020-04-19T06:21:49Z">
          <reporter-output>
          </reporter-output>
        </test-method> <!-- testCaseSkipException -->
      </class> <!-- testinguy.appium.main.mainTest2 -->
    </test> <!-- TestMobileAppium -->
  </suite> <!-- Suite -->
</testng-results>
