<?xml version="1.0" encoding="UTF-8"?>
<!-- Generated by org.testng.reporters.JUnitXMLReporter -->
<testsuite hostname="DESKTOP-HJFUPPQ" ignored="1" name="TestMobileAppium" tests="4" failures="0" timestamp="19 abr 2020 06:21:49 GMT" time="57.155" errors="0">
  <testcase name="IniciarSesion" time="9.255" classname="testinguy.appium.main.mainTest2"/>
  <testcase name="Test_Slider" time="12.042" classname="testinguy.appium.main.mainTest2"/>
  <testcase name="Test_DragAndDrop" time="9.838" classname="testinguy.appium.main.mainTest2"/>
  <testcase name="testCaseSkipException" time="0.001" classname="testinguy.appium.main.mainTest2"/>
  <testcase name="Test_NativeView" time="0.0" classname="testinguy.appium.main.mainTest2">
    <ignored/>
  </testcase> <!-- Test_NativeView -->
</testsuite> <!-- TestMobileAppium -->
