<?xml version="1.0" encoding="UTF-8"?>
<!-- Generated by org.testng.reporters.JUnitXMLReporter -->
<testsuite hostname="DESKTOP-HJFUPPQ" ignored="1" name="TestMobileAppium" tests="4" failures="0" timestamp="17 abr 2020 17:33:48 GMT" time="48.46" errors="0">
  <testcase name="IniciarSesion" time="5.4" classname="testinguy.appium.main.mainTest2"/>
  <testcase name="Test_Slider" time="10.299" classname="testinguy.appium.main.mainTest2"/>
  <testcase name="Test_DragAndDrop" time="8.776" classname="testinguy.appium.main.mainTest2"/>
  <testcase name="testCaseSkipException" time="0.0" classname="testinguy.appium.main.mainTest2"/>
  <testcase name="Test_NativeView" time="0.0" classname="testinguy.appium.main.mainTest2">
    <ignored/>
  </testcase> <!-- Test_NativeView -->
</testsuite> <!-- TestMobileAppium -->
